%!Adobe-FontList 1.18
%Locale:0x410

%BeginFont
Handler:DirectoryHandler
FontType:TrueType
FontName:Helvetica-Normal
FamilyName:Helvetica-Normal
StyleName:Regular
FullName:Helvetica-Normal
MenuName:Helvetica-Normal
StyleBits:0
WritingScript:Roman
OutlineFileName:C:\Users\sara\Desktop\GitHub\labmod17_final\various\TAVOLE\Document fonts\helvetica-normal-58e79cfae0f2b.ttf
DataFormat:sfntData
hasSVG:no
FileLength:32044
FileModTime:1491570400
WeightClass:400
WidthClass:5
AngleClass:0
NameArray:0,Mac,4,Helvetica-Normal
NameArray:0,Win,1,Helvetica-Normal
%EndFont

%BeginFont
Handler:DirectoryHandler
FontType:Type1
FontName:HelveticaLTStd-Bold
FamilyName:Helvetica LT Std
StyleName:Bold
FullName:Helvetica LT Std Bold
MenuName:Helvetica LT Std
StyleBits:2
FamilyNameNative:Helvetica LT Std
StyleNameNative:Bold
FullNameNative:Helvetica LT Std Bold
WritingScript:Cyrillic
OutlineFileName:C:\Users\sara\Desktop\GitHub\labmod17_final\various\TAVOLE\Document fonts\HelveticaLTStd-Bold.otf
DataFormat:sfntData
UsesStandardEncoding:yes
isCFF:yes
hasSVG:no
FileLength:46276
FileModTime:1371230992
WeightClass:700
WidthClass:5
AngleClass:0
NameArray:0,Mac,4,Helvetica LT Std Bold
NameArray:0,Win,1,Helvetica LT Std
%EndFont

%BeginFont
Handler:DirectoryHandler
FontType:Type1
FontName:HelveticaLTStd-Light
FamilyName:Helvetica LT Std
StyleName:Light
FullName:Helvetica LT Std Light
MenuName:Helvetica LT Std Light
StyleBits:0
WritingScript:Roman
OutlineFileName:C:\Users\sara\Desktop\GitHub\labmod17_final\various\TAVOLE\Document fonts\HelveticaLTStd-Light.otf
DataFormat:sfntData
UsesStandardEncoding:yes
isCFF:yes
hasSVG:no
FileLength:28780
FileModTime:1371230974
WeightClass:300
WidthClass:5
AngleClass:0
NameArray:0,Mac,4,Helvetica LT Std Light
NameArray:0,Win,1,Helvetica LT Std Light
NameArray:0,Win,16,Helvetica LT Std
%EndFont

%BeginFont
Handler:DirectoryHandler
FontType:Type1
FontName:MinionPro-Regular
FamilyName:Minion Pro
StyleName:Regular
FullName:Minion Pro
MenuName:Minion Pro
StyleBits:0
WritingScript:Roman
OutlineFileName:C:\Users\sara\Desktop\GitHub\labmod17_final\various\TAVOLE\Document fonts\MinionPro-Regular.otf
DataFormat:sfntData
UsesStandardEncoding:yes
isCFF:yes
hasSVG:no
FileLength:218640
FileModTime:1361528180
WeightClass:400
WidthClass:5
AngleClass:0
DesignSize:110
NameArray:0,Mac,4,Minion Pro
NameArray:0,Win,1,Minion Pro
%EndFont

